SF:lib/CalTime.dart
DA:5,1
DA:6,1
DA:9,1
DA:10,1
DA:13,1
DA:14,1
DA:15,2
DA:16,1
DA:17,2
DA:22,1
DA:25,1
DA:27,2
DA:28,2
DA:31,3
DA:33,1
DA:39,1
DA:40,2
DA:41,4
DA:49,1
DA:50,3
DA:51,1
DA:57,0
LF:22
LH:21
end_of_record
SF:lib/homepage.dart
DA:6,0
DA:12,2
DA:15,1
DA:16,2
DA:17,2
DA:18,2
DA:19,2
DA:21,3
DA:22,3
DA:23,3
DA:25,1
DA:29,1
DA:30,1
DA:32,1
DA:33,2
DA:35,1
DA:41,1
DA:42,1
DA:53,1
DA:55,1
DA:56,3
DA:57,4
DA:60,1
DA:62,2
DA:63,1
DA:84,0
DA:85,0
DA:86,0
DA:87,0
DA:92,1
DA:94,2
DA:95,2
DA:96,2
DA:97,1
DA:99,1
DA:100,3
DA:101,1
DA:102,2
DA:105,1
DA:106,1
DA:107,1
DA:109,1
DA:110,1
DA:111,2
DA:112,1
DA:113,2
DA:115,0
DA:117,2
DA:122,1
DA:123,3
DA:126,1
DA:127,1
DA:129,1
DA:131,1
DA:135,1
DA:136,1
DA:137,1
DA:138,1
DA:139,1
DA:140,1
DA:141,1
DA:142,1
DA:143,0
DA:144,0
DA:146,1
DA:147,1
DA:152,1
DA:153,1
DA:154,1
DA:157,4
DA:158,3
DA:159,1
DA:160,1
DA:161,1
DA:162,1
DA:163,3
DA:166,1
DA:167,1
DA:168,3
DA:170,3
DA:171,4
DA:176,1
DA:177,1
DA:178,1
DA:179,1
DA:182,2
DA:183,1
DA:184,1
DA:191,1
DA:192,1
DA:193,1
DA:194,1
DA:195,1
DA:196,1
DA:197,1
DA:198,1
DA:199,1
DA:205,1
DA:207,1
DA:215,1
DA:216,1
DA:218,1
DA:219,2
DA:220,1
DA:223,1
DA:226,1
DA:227,1
DA:233,2
DA:234,1
DA:237,1
DA:240,1
DA:241,1
DA:247,2
DA:248,1
DA:251,1
DA:254,1
DA:255,1
DA:263,1
DA:265,1
DA:266,1
DA:268,1
DA:269,1
DA:272,1
DA:273,0
DA:274,0
DA:276,2
DA:277,2
DA:278,1
DA:279,1
DA:280,1
DA:283,0
DA:284,0
DA:286,1
DA:287,1
DA:289,1
DA:292,5
DA:293,1
DA:298,1
DA:299,1
DA:300,1
DA:301,1
DA:303,4
DA:304,1
DA:305,1
DA:306,1
DA:309,1
DA:310,1
DA:311,1
DA:314,1
DA:315,1
DA:316,1
DA:322,1
DA:324,1
DA:326,1
DA:327,1
DA:328,2
DA:333,1
DA:334,2
DA:336,1
DA:337,5
DA:341,1
DA:342,3
DA:343,1
DA:358,0
DA:359,0
DA:360,0
DA:361,0
DA:362,0
DA:363,0
DA:364,0
DA:365,0
DA:366,0
DA:367,0
DA:370,0
DA:371,0
DA:372,0
DA:373,0
DA:375,0
DA:379,0
DA:380,0
DA:381,0
DA:382,0
DA:383,0
DA:384,0
DA:385,0
DA:386,0
DA:388,0
DA:389,0
DA:392,0
DA:393,0
DA:394,0
DA:395,0
DA:396,0
DA:398,0
DA:399,0
DA:400,0
DA:402,0
LF:197
LH:151
end_of_record
SF:lib/main.dart
DA:8,0
DA:11,1
DA:13,1
DA:16,1
DA:17,1
DA:18,2
DA:22,2
DA:26,2
DA:30,2
LF:9
LH:8
end_of_record
SF:lib/arrangement.dart
DA:6,2
DA:11,1
DA:12,1
DA:23,1
DA:25,2
DA:26,2
DA:27,1
DA:30,1
DA:32,1
DA:33,2
DA:36,1
DA:38,1
DA:40,1
DA:41,3
DA:42,1
DA:43,2
DA:46,3
DA:47,1
DA:48,1
DA:49,1
DA:50,1
DA:51,1
DA:53,1
DA:54,1
DA:57,13
DA:66,1
DA:67,1
DA:68,1
DA:69,1
DA:70,1
DA:71,1
DA:72,1
DA:80,1
DA:81,1
DA:83,1
DA:84,1
DA:86,1
DA:87,1
DA:91,1
DA:96,1
DA:97,1
DA:98,1
DA:100,1
DA:101,1
DA:102,1
DA:103,1
DA:104,1
DA:105,1
DA:107,2
DA:108,1
DA:109,1
DA:110,1
DA:111,5
DA:115,1
DA:116,2
DA:117,2
DA:123,2
DA:124,1
DA:125,1
DA:127,1
DA:129,1
DA:130,1
DA:133,0
DA:134,0
DA:135,0
DA:145,1
DA:146,1
DA:149,1
DA:150,1
DA:152,1
DA:157,1
LF:71
LH:68
end_of_record
SF:lib/calendar.dart
DA:8,2
DA:13,1
DA:14,1
DA:43,1
DA:45,1
DA:46,2
DA:47,2
DA:48,1
DA:50,2
DA:51,1
DA:52,3
DA:55,2
DA:58,0
DA:59,0
DA:62,7
DA:64,2
DA:65,4
DA:68,1
DA:70,1
DA:72,1
DA:73,3
DA:74,1
DA:75,2
DA:77,3
DA:80,1
DA:84,1
DA:85,1
DA:86,1
DA:89,1
DA:90,1
DA:91,1
DA:93,1
DA:94,1
DA:95,1
DA:96,1
DA:97,2
DA:99,1
DA:100,1
DA:101,1
DA:102,1
DA:103,3
DA:105,1
DA:106,1
DA:107,1
DA:108,1
DA:109,2
DA:113,1
DA:114,1
DA:115,1
DA:116,1
DA:118,0
DA:119,0
DA:126,1
DA:127,1
DA:128,1
DA:129,1
DA:130,1
DA:132,1
DA:133,2
DA:137,2
DA:138,1
DA:139,6
DA:149,1
DA:150,1
DA:151,1
DA:156,1
DA:168,1
DA:170,1
DA:171,1
DA:172,3
DA:179,0
DA:181,0
DA:183,0
DA:184,0
DA:186,0
DA:187,0
DA:188,0
DA:190,0
DA:191,0
DA:194,0
DA:196,0
DA:197,0
DA:198,0
DA:199,0
DA:200,0
DA:206,0
DA:207,0
DA:208,0
DA:209,0
DA:210,0
DA:215,0
DA:221,0
DA:223,0
DA:224,0
DA:226,0
DA:227,0
DA:229,0
DA:230,0
DA:232,0
DA:233,0
DA:236,0
DA:238,0
DA:239,0
DA:240,0
DA:241,0
DA:242,0
DA:249,0
DA:250,0
DA:251,0
DA:252,0
DA:253,0
DA:258,0
LF:112
LH:66
end_of_record
SF:lib/leave.dart
DA:5,2
DA:10,1
DA:11,1
DA:17,1
DA:19,1
DA:21,1
DA:22,3
DA:23,1
DA:24,2
DA:27,3
DA:30,1
DA:31,1
DA:32,1
LF:13
LH:13
end_of_record
SF:lib/salary.dart
DA:5,2
DA:10,1
DA:11,1
DA:21,1
DA:28,1
DA:30,6
DA:31,2
DA:32,1
DA:33,1
DA:34,1
DA:35,1
DA:36,1
DA:37,1
DA:38,1
DA:39,1
DA:40,1
DA:41,1
DA:43,1
DA:46,1
DA:48,1
DA:50,1
DA:51,3
DA:52,1
DA:53,2
DA:56,3
DA:60,1
DA:61,1
DA:62,1
DA:63,1
DA:64,1
DA:66,1
DA:67,1
DA:68,1
DA:69,1
DA:70,2
DA:71,7
DA:74,5
DA:75,1
DA:76,1
DA:77,1
DA:78,2
DA:79,7
DA:84,1
DA:85,1
DA:86,1
DA:89,1
DA:90,1
DA:91,1
DA:92,2
DA:93,2
DA:94,2
DA:96,4
DA:97,1
DA:98,1
DA:99,3
DA:103,1
DA:104,5
DA:109,1
DA:110,3
DA:115,1
DA:119,1
DA:120,1
DA:121,1
DA:122,1
DA:123,2
DA:124,1
DA:125,10
LF:67
LH:67
end_of_record
